0 info it worked if it ends with ok
1 verbose cli [ 'C:\\NodeJS\\\\node.exe',
1 verbose cli   'C:\\NodeJS\\node_modules\\npm\\bin\\npm-cli.js',
1 verbose cli   'publish' ]
2 info using npm@1.1.48
3 info using node@v0.8.6
4 verbose node symlink C:\NodeJS\\node.exe
5 verbose config file C:\Users\Tank\.npmrc
6 verbose config file C:\NodeJS\etc\npmrc
7 verbose config file C:\NodeJS\node_modules\npm\npmrc
8 verbose publish [ '.' ]
9 verbose read json D:\My\Dev\constant.js\package.json
10 verbose cache add [ '.', null ]
11 silly cache add name=undefined spec="." args=[".",null]
12 verbose parsed url { pathname: '.', path: '.', href: '.' }
13 silly lockFile 3a52ce78- .
14 verbose lock . C:\Users\Tank\AppData\Roaming\npm-cache\3a52ce78-.lock
15 verbose read json package.json
16 silly lockFile 3a52ce78- .
17 error addLocal Could not install .
18 error Error: invalid version: 1.0
18 error     at validVersion (C:\NodeJS\node_modules\npm\node_modules\read-package-json\read-json.js:522:40)
18 error     at final (C:\NodeJS\node_modules\npm\node_modules\read-package-json\read-json.js:289:23)
18 error     at C:\NodeJS\node_modules\npm\node_modules\read-package-json\read-json.js:119:33
18 error     at cb (C:\NodeJS\node_modules\npm\node_modules\slide\lib\async-map.js:48:11)
18 error     at C:\NodeJS\node_modules\npm\node_modules\read-package-json\read-json.js:241:40
18 error     at fs.readFile (fs.js:176:14)
18 error     at fs.close (C:\NodeJS\node_modules\npm\node_modules\graceful-fs\graceful-fs.js:92:5)
18 error     at Object.oncomplete (fs.js:297:15)
19 error If you need help, you may report this log at:
19 error     <http://github.com/isaacs/npm/issues>
19 error or email it to:
19 error     <npm-@googlegroups.com>
20 error System Windows_NT 6.1.7601
21 error command "C:\\NodeJS\\\\node.exe" "C:\\NodeJS\\node_modules\\npm\\bin\\npm-cli.js" "publish"
22 error cwd D:\My\Dev\constant.js
23 error node -v v0.8.6
24 error npm -v 1.1.48
25 verbose exit [ 1, true ]
